Fetching Maharashtra pincodes (attempt 1/3)...
Fetched and saved 0 Maharashtra pincodes.
Fetching BAANKNET (https://baanknet.com/property-listing)...
  [DEBUG] Loading https://baanknet.com/property-listing...
  [DEBUG] Captured 10 items from: https://baanknet.com/eauction-psb/api/property-listing-data/1?page=0&size=10
  [DEBUG] Paginating https://baanknet.com/eauction-psb/api/property-listing-data/1
  [WARN] BAANKNET pagination failed at page 0: APIRequestContext.post: unable to verify the first certificate
Call log:
→ POST https://baanknet.com/eauction-psb/api/property-listing-data/1?page=0&size=50
  -   user-agent: Mozilla/5.0 (X11; Linux x86_64) AppleWebKit/537.36 (KHTML, like Gecko) HeadlessChrome/130.0.6723.31 Safari/537.36
  -   accept: application/json, text/plain, */*
  -   accept-encoding: gzip,deflate,br
  -   sec-ch-ua-platform: "Linux"
  -   referer: https://baanknet.com/property-listing
  -   sec-ch-ua: "Chromium";v="130", "HeadlessChrome";v="130", "Not?A_Brand";v="99"
  -   content-type: application/json
  -   sec-ch-ua-mobile: ?0
  -   content-length: 105
  -   cookie: JSESSIONID=fbc1947c-82c2-4726-8667-316ff20cd76b; language=en; languageId=1; _ga=GA1.1.1902938491.1782094298; _ga_SZ8S2EHDZY=GS2.1.s1782094297$o1$g0$t1782094298$j59$l0$h0; XSRF-TOKEN=55b27ef0-b260-41be-b9f7-48f99e3ab9de

  [INFO] BAANKNET total unique items: 10
  baanknet: 10 raw items
Fetching eAuctions India...
Scraping https://www.eauctionsindia.com/city/bhiwandi...
  Extracted 0 properties so far from https://www.eauctionsindia.com/city/bhiwandi
Scraping https://www.eauctionsindia.com/city/kolhapur...
  Extracted 0 properties so far from https://www.eauctionsindia.com/city/kolhapur
Scraping https://www.eauctionsindia.com/city/kalyan...
  Extracted 0 properties so far from https://www.eauctionsindia.com/city/kalyan
Scraping https://www.eauctionsindia.com/city/latur...
  Extracted 0 properties so far from https://www.eauctionsindia.com/city/latur
Scraping https://www.eauctionsindia.com/city/mumbai...
  Extracted 0 properties so far from https://www.eauctionsindia.com/city/mumbai
Scraping https://www.eauctionsindia.com/city/sindhudurg...
  Extracted 0 properties so far from https://www.eauctionsindia.com/city/sindhudurg
Scraping https://www.eauctionsindia.com/city/solapur...
  Extracted 0 properties so far from https://www.eauctionsindia.com/city/solapur
Scraping https://www.eauctionsindia.com/city/thane...
  Extracted 0 properties so far from https://www.eauctionsindia.com/city/thane
Scraping https://www.eauctionsindia.com/city/satara...
  Extracted 0 properties so far from https://www.eauctionsindia.com/city/satara
Scraping https://www.eauctionsindia.com/city/ratnagiri...
  Extracted 0 properties so far from https://www.eauctionsindia.com/city/ratnagiri
Scraping https://www.eauctionsindia.com/city/raigad...
  Extracted 0 properties so far from https://www.eauctionsindia.com/city/raigad
Scraping https://www.eauctionsindia.com/city/pune...
  Extracted 0 properties so far from https://www.eauctionsindia.com/city/pune
Total eauctionsindia properties fetched: 0
  eauctionsindia: 0 items
Fetching BankAuctions.in...
  bankauctions: unexpected API response
  bankauctions: 0 items
Fetching FindAuction.in (Maharashtra cities)...
  findauction: 0 total listings
  findauction: 0 items
Fetching MHADA eAuction (https://eauction.mhada.gov.in/)...
  mhada/Mumbai: 10 schemes
  mhada/Pune: 10 schemes
  mhada/Nashik: no tender table found
  mhada/Konkan Shops: no tender table found
  mhada: 20 total listings
  mhada: 20 items
Fetching MSTC / IBAPI (https://www.mstcecommerce.com/auctionhome/ibapi/)...
  mstc/npa: 16 listings
  mstc: 16 items
Combined raw items from all sources: 46
Processing stats: 41 total items, 41 new, -15 duplicates skipped
Wrote copy of results to docs/data/property_listings.json
Saved state with 26 total tracked items to .state/state.json
Applied property-types filter: plots, land, farm hous, bunglow — 15/41 items remain
Saved 5 pincodes to cache.
NEW_AUCTIONS_COUNT=15
Wrote 41 items to data/property_listings.json
